\\mac\google drive\development\visual c++\naplanmatlab\npl\npl3\release\npl3.dll
\\mac\google drive\development\visual c++\naplanmatlab\npl\npl3\release\npl3.pdb
\\mac\google drive\development\visual c++\naplanmatlab\npl\npl3\npl3\release\npl3.res
\\mac\google drive\development\visual c++\naplanmatlab\npl\npl3\release\npl3.lib
\\mac\google drive\development\visual c++\naplanmatlab\npl\npl3\release\npl3.exp
\\mac\google drive\development\visual c++\naplanmatlab\npl\npl3\release\npl3.ipdb
\\mac\google drive\development\visual c++\naplanmatlab\npl\npl3\release\npl3.iobj
\\mac\google drive\development\visual c++\naplanmatlab\npl\npl3\npl3\release\npl3.pch
\\mac\google drive\development\visual c++\naplanmatlab\npl\npl3\npl3\release\vc141.pdb
\\mac\google drive\development\visual c++\naplanmatlab\npl\npl3\npl3\release\stdafx.obj
\\mac\google drive\development\visual c++\naplanmatlab\npl\npl3\npl3\release\npl3.obj
\\mac\google drive\development\visual c++\naplanmatlab\npl\npl3\npl3\release\npl3.tlog\link.read.1.tlog
\\mac\google drive\development\visual c++\naplanmatlab\npl\npl3\npl3\release\npl3.tlog\link.command.1.tlog
\\mac\google drive\development\visual c++\naplanmatlab\npl\npl3\npl3\release\npl3.tlog\rc.command.1.tlog
\\mac\google drive\development\visual c++\naplanmatlab\npl\npl3\npl3\release\npl3.tlog\link.write.1.tlog
\\mac\google drive\development\visual c++\naplanmatlab\npl\npl3\npl3\release\npl3.tlog\cl.read.1.tlog
\\mac\google drive\development\visual c++\naplanmatlab\npl\npl3\npl3\release\npl3.tlog\rc.write.1.tlog
\\mac\google drive\development\visual c++\naplanmatlab\npl\npl3\npl3\release\npl3.tlog\npl3.write.1u.tlog
\\mac\google drive\development\visual c++\naplanmatlab\npl\npl3\npl3\release\npl3.tlog\cl.command.1.tlog
\\mac\google drive\development\visual c++\naplanmatlab\npl\npl3\npl3\release\npl3.tlog\rc.read.1.tlog
\\mac\google drive\development\visual c++\naplanmatlab\npl\npl3\npl3\release\npl3.tlog\cl.write.1.tlog
